2014-06-24 15:12:12 Error: [PDOException] SQLSTATE[42S22]: Column not found: 1054 Unknown column 'Device.name' in 'where clause'
Request URL: /push-app-handler/admin/devices/index/index
Stack Trace:
#0 /home/labs/public_html/push-app-handler/lib/Cake/Model/Datasource/DboSource.php(458): PDOStatement->execute(Array)
#1 /home/labs/public_html/push-app-handler/lib/Cake/Model/Datasource/DboSource.php(424): DboSource->_execute('SELECT `Device`...', Array)
#2 /home/labs/public_html/push-app-handler/lib/Cake/Model/Datasource/DboSource.php(666): DboSource->execute('SELECT `Device`...', Array, Array)
#3 /home/labs/public_html/push-app-handler/lib/Cake/Model/Datasource/DboSource.php(1106): DboSource->fetchAll('SELECT `Device`...', false)
#4 /home/labs/public_html/push-app-handler/lib/Cake/Model/Model.php(2905): DboSource->read(Object(Device), Array)
#5 /home/labs/public_html/push-app-handler/lib/Cake/Model/Model.php(2877): Model->_readDataSource('all', Array)
#6 /home/labs/public_html/push-app-handler/lib/Cake/Controller/Component/PaginatorComponent.php(196): Model->find('all', Array)
#7 /home/labs/public_html/push-app-handler/app/Controller/DevicesController.php(138): PaginatorComponent->paginate(Array)
#8 [internal function]: DevicesController->admin_index('index')
#9 /home/labs/public_html/push-app-handler/lib/Cake/Controller/Controller.php(490): ReflectionMethod->invokeArgs(Object(DevicesController), Array)
#10 /home/labs/public_html/push-app-handler/lib/Cake/Routing/Dispatcher.php(191): Controller->invokeAction(Object(CakeRequest))
#11 /home/labs/public_html/push-app-handler/lib/Cake/Routing/Dispatcher.php(165): Dispatcher->_invoke(Object(DevicesController), Object(CakeRequest))
#12 /home/labs/public_html/push-app-handler/app/webroot/index.php(108): Dispatcher->dispatch(Object(CakeRequest), Object(CakeResponse))
#13 {main}
2014-07-07 13:30:43 Error: [PDOException] SQLSTATE[23000]: Integrity constraint violation: 1048 Column 'delay_by_seconds' cannot be null
Request URL: /push-app-handler/admin/automated_messages/add
Stack Trace:
#0 /home/labs/public_html/push-app-handler/lib/Cake/Model/Datasource/DboSource.php(458): PDOStatement->execute(Array)
#1 /home/labs/public_html/push-app-handler/lib/Cake/Model/Datasource/DboSource.php(424): DboSource->_execute('INSERT INTO `la...', Array)
#2 /home/labs/public_html/push-app-handler/lib/Cake/Model/Datasource/DboSource.php(1012): DboSource->execute('INSERT INTO `la...')
#3 /home/labs/public_html/push-app-handler/lib/Cake/Model/Model.php(1834): DboSource->create(Object(AutomatedMessage), Array, Array)
#4 /home/labs/public_html/push-app-handler/app/Controller/AutomatedMessagesController.php(143): Model->save(Array)
#5 [internal function]: AutomatedMessagesController->admin_add()
#6 /home/labs/public_html/push-app-handler/lib/Cake/Controller/Controller.php(490): ReflectionMethod->invokeArgs(Object(AutomatedMessagesController), Array)
#7 /home/labs/public_html/push-app-handler/lib/Cake/Routing/Dispatcher.php(191): Controller->invokeAction(Object(CakeRequest))
#8 /home/labs/public_html/push-app-handler/lib/Cake/Routing/Dispatcher.php(165): Dispatcher->_invoke(Object(AutomatedMessagesController), Object(CakeRequest))
#9 /home/labs/public_html/push-app-handler/app/webroot/index.php(108): Dispatcher->dispatch(Object(CakeRequest), Object(CakeResponse))
#10 {main}
2014-07-07 13:38:03 Error: [PDOException] SQLSTATE[23000]: Integrity constraint violation: 1048 Column 'device_name' cannot be null
Request URL: /push-app-handler/process-notifications?push_application_identifier=Panacea&push_device_id=047BE31D-6701-4110-B48F-0E59B9F38AD4&push_sender=Demo&push_event=1
Stack Trace:
#0 /home/labs/public_html/push-app-handler/lib/Cake/Model/Datasource/DboSource.php(458): PDOStatement->execute(Array)
#1 /home/labs/public_html/push-app-handler/lib/Cake/Model/Datasource/DboSource.php(424): DboSource->_execute('INSERT INTO `la...', Array)
#2 /home/labs/public_html/push-app-handler/lib/Cake/Model/Datasource/DboSource.php(1012): DboSource->execute('INSERT INTO `la...')
#3 /home/labs/public_html/push-app-handler/lib/Cake/Model/Model.php(1834): DboSource->create(Object(Device), Array, Array)
#4 /home/labs/public_html/push-app-handler/app/Controller/ApplicationsController.php(315): Model->save(Array)
#5 [internal function]: ApplicationsController->process_notifications()
#6 /home/labs/public_html/push-app-handler/lib/Cake/Controller/Controller.php(490): ReflectionMethod->invokeArgs(Object(ApplicationsController), Array)
#7 /home/labs/public_html/push-app-handler/lib/Cake/Routing/Dispatcher.php(191): Controller->invokeAction(Object(CakeRequest))
#8 /home/labs/public_html/push-app-handler/lib/Cake/Routing/Dispatcher.php(165): Dispatcher->_invoke(Object(ApplicationsController), Object(CakeRequest))
#9 /home/labs/public_html/push-app-handler/app/webroot/index.php(108): Dispatcher->dispatch(Object(CakeRequest), Object(CakeResponse))
#10 {main}
2014-07-07 13:39:06 Error: [PDOException] SQLSTATE[23000]: Integrity constraint violation: 1048 Column 'device_name' cannot be null
Request URL: /push-app-handler/process-notifications?push_application_identifier=Panacea&push_device_id=047BE31D-6701-4110-B48F-0E59B9F38AD4&push_sender=Demo&push_event=1
Stack Trace:
#0 /home/labs/public_html/push-app-handler/lib/Cake/Model/Datasource/DboSource.php(458): PDOStatement->execute(Array)
#1 /home/labs/public_html/push-app-handler/lib/Cake/Model/Datasource/DboSource.php(424): DboSource->_execute('INSERT INTO `la...', Array)
#2 /home/labs/public_html/push-app-handler/lib/Cake/Model/Datasource/DboSource.php(1012): DboSource->execute('INSERT INTO `la...')
#3 /home/labs/public_html/push-app-handler/lib/Cake/Model/Model.php(1834): DboSource->create(Object(Device), Array, Array)
#4 /home/labs/public_html/push-app-handler/app/Controller/ApplicationsController.php(315): Model->save(Array)
#5 [internal function]: ApplicationsController->process_notifications()
#6 /home/labs/public_html/push-app-handler/lib/Cake/Controller/Controller.php(490): ReflectionMethod->invokeArgs(Object(ApplicationsController), Array)
#7 /home/labs/public_html/push-app-handler/lib/Cake/Routing/Dispatcher.php(191): Controller->invokeAction(Object(CakeRequest))
#8 /home/labs/public_html/push-app-handler/lib/Cake/Routing/Dispatcher.php(165): Dispatcher->_invoke(Object(ApplicationsController), Object(CakeRequest))
#9 /home/labs/public_html/push-app-handler/app/webroot/index.php(108): Dispatcher->dispatch(Object(CakeRequest), Object(CakeResponse))
#10 {main}
2014-07-07 13:40:43 Error: [PDOException] SQLSTATE[23000]: Integrity constraint violation: 1048 Column 'device_name' cannot be null
Request URL: /push-app-handler/process-notifications?push_application_identifier=Panacea&push_device_id=047BE31D-6701-4110-B48F-0E59B9F38AD4&push_sender=Demo&push_event=1
Stack Trace:
#0 /home/labs/public_html/push-app-handler/lib/Cake/Model/Datasource/DboSource.php(458): PDOStatement->execute(Array)
#1 /home/labs/public_html/push-app-handler/lib/Cake/Model/Datasource/DboSource.php(424): DboSource->_execute('INSERT INTO `la...', Array)
#2 /home/labs/public_html/push-app-handler/lib/Cake/Model/Datasource/DboSource.php(1012): DboSource->execute('INSERT INTO `la...')
#3 /home/labs/public_html/push-app-handler/lib/Cake/Model/Model.php(1834): DboSource->create(Object(Device), Array, Array)
#4 /home/labs/public_html/push-app-handler/app/Controller/ApplicationsController.php(315): Model->save(Array)
#5 [internal function]: ApplicationsController->process_notifications()
#6 /home/labs/public_html/push-app-handler/lib/Cake/Controller/Controller.php(490): ReflectionMethod->invokeArgs(Object(ApplicationsController), Array)
#7 /home/labs/public_html/push-app-handler/lib/Cake/Routing/Dispatcher.php(191): Controller->invokeAction(Object(CakeRequest))
#8 /home/labs/public_html/push-app-handler/lib/Cake/Routing/Dispatcher.php(165): Dispatcher->_invoke(Object(ApplicationsController), Object(CakeRequest))
#9 /home/labs/public_html/push-app-handler/app/webroot/index.php(108): Dispatcher->dispatch(Object(CakeRequest), Object(CakeResponse))
#10 {main}
